{"/Users/penglei/Documents/13.前端/tracker/dist/index.cjs.js": {"path":"/Users/penglei/Documents/13.前端/tracker/dist/index.cjs.js","statementMap":{"0":{"start":{"line":1,"column":19},"end":{"line":1,"column":44}},"1":{"start":{"line":1,"column":47},"end":{"line":1,"column":117}},"2":{"start":{"line":1,"column":61},"end":{"line":1,"column":116}},"3":{"start":{"line":1,"column":120},"end":{"line":1,"column":150}},"4":{"start":{"line":1,"column":132},"end":{"line":1,"column":149}},"5":{"start":{"line":1,"column":153},"end":{"line":1,"column":177}},"6":{"start":{"line":1,"column":165},"end":{"line":1,"column":176}},"7":{"start":{"line":1,"column":180},"end":{"line":1,"column":239}},"8":{"start":{"line":1,"column":192},"end":{"line":1,"column":238}},"9":{"start":{"line":1,"column":242},"end":{"line":1,"column":270}},"10":{"start":{"line":1,"column":254},"end":{"line":1,"column":269}},"11":{"start":{"line":1,"column":273},"end":{"line":1,"column":306}},"12":{"start":{"line":1,"column":285},"end":{"line":1,"column":305}},"13":{"start":{"line":1,"column":309},"end":{"line":1,"column":348}},"14":{"start":{"line":1,"column":321},"end":{"line":1,"column":347}},"15":{"start":{"line":1,"column":351},"end":{"line":1,"column":390}},"16":{"start":{"line":1,"column":363},"end":{"line":1,"column":389}},"17":{"start":{"line":1,"column":411},"end":{"line":1,"column":683}},"18":{"start":{"line":1,"column":467},"end":{"line":1,"column":498}},"19":{"start":{"line":1,"column":471},"end":{"line":1,"column":483}},"20":{"start":{"line":1,"column":493},"end":{"line":1,"column":497}},"21":{"start":{"line":1,"column":513},"end":{"line":1,"column":545}},"22":{"start":{"line":1,"column":517},"end":{"line":1,"column":530}},"23":{"start":{"line":1,"column":540},"end":{"line":1,"column":544}},"24":{"start":{"line":1,"column":566},"end":{"line":1,"column":649}},"25":{"start":{"line":1,"column":631},"end":{"line":1,"column":635}},"26":{"start":{"line":1,"column":650},"end":{"line":1,"column":680}},"27":{"start":{"line":1,"column":714},"end":{"line":1,"column":788}},"28":{"start":{"line":1,"column":739},"end":{"line":1,"column":760}},"29":{"start":{"line":1,"column":749},"end":{"line":1,"column":760}},"30":{"start":{"line":1,"column":760},"end":{"line":1,"column":771}},"31":{"start":{"line":1,"column":789},"end":{"line":1,"column":907}},"32":{"start":{"line":1,"column":891},"end":{"line":1,"column":902}},"33":{"start":{"line":1,"column":921},"end":{"line":1,"column":1765}},"34":{"start":{"line":1,"column":940},"end":{"line":1,"column":1764}},"35":{"start":{"line":1,"column":959},"end":{"line":1,"column":1019}},"36":{"start":{"line":1,"column":964},"end":{"line":1,"column":1019}},"37":{"start":{"line":1,"column":1019},"end":{"line":1,"column":1697}},"38":{"start":{"line":1,"column":1048},"end":{"line":1,"column":1697}},"39":{"start":{"line":1,"column":1052},"end":{"line":1,"column":1166}},"40":{"start":{"line":1,"column":1157},"end":{"line":1,"column":1166}},"41":{"start":{"line":1,"column":1166},"end":{"line":1,"column":1648}},"42":{"start":{"line":1,"column":1221},"end":{"line":1,"column":1225}},"43":{"start":{"line":1,"column":1225},"end":{"line":1,"column":1231}},"44":{"start":{"line":1,"column":1238},"end":{"line":1,"column":1276}},"45":{"start":{"line":1,"column":1283},"end":{"line":1,"column":1306}},"46":{"start":{"line":1,"column":1306},"end":{"line":1,"column":1315}},"47":{"start":{"line":1,"column":1322},"end":{"line":1,"column":1349}},"48":{"start":{"line":1,"column":1349},"end":{"line":1,"column":1358}},"49":{"start":{"line":1,"column":1366},"end":{"line":1,"column":1445}},"50":{"start":{"line":1,"column":1432},"end":{"line":1,"column":1436}},"51":{"start":{"line":1,"column":1436},"end":{"line":1,"column":1444}},"52":{"start":{"line":1,"column":1445},"end":{"line":1,"column":1505}},"53":{"start":{"line":1,"column":1486},"end":{"line":1,"column":1499}},"54":{"start":{"line":1,"column":1499},"end":{"line":1,"column":1504}},"55":{"start":{"line":1,"column":1505},"end":{"line":1,"column":1555}},"56":{"start":{"line":1,"column":1532},"end":{"line":1,"column":1549}},"57":{"start":{"line":1,"column":1549},"end":{"line":1,"column":1554}},"58":{"start":{"line":1,"column":1555},"end":{"line":1,"column":1608}},"59":{"start":{"line":1,"column":1575},"end":{"line":1,"column":1602}},"60":{"start":{"line":1,"column":1602},"end":{"line":1,"column":1607}},"61":{"start":{"line":1,"column":1608},"end":{"line":1,"column":1639}},"62":{"start":{"line":1,"column":1639},"end":{"line":1,"column":1647}},"63":{"start":{"line":1,"column":1648},"end":{"line":1,"column":1661}},"64":{"start":{"line":1,"column":1671},"end":{"line":1,"column":1682}},"65":{"start":{"line":1,"column":1691},"end":{"line":1,"column":1696}},"66":{"start":{"line":1,"column":1697},"end":{"line":1,"column":1718}},"67":{"start":{"line":1,"column":1707},"end":{"line":1,"column":1718}},"68":{"start":{"line":1,"column":1718},"end":{"line":1,"column":1756}},"69":{"start":{"line":1,"column":1773},"end":{"line":1,"column":1990}},"70":{"start":{"line":1,"column":1787},"end":{"line":1,"column":1840}},"71":{"start":{"line":1,"column":1831},"end":{"line":1,"column":1840}},"72":{"start":{"line":1,"column":1840},"end":{"line":1,"column":1868}},"73":{"start":{"line":1,"column":1852},"end":{"line":1,"column":1868}},"74":{"start":{"line":1,"column":1874},"end":{"line":1,"column":1894}},"75":{"start":{"line":1,"column":1895},"end":{"line":1,"column":1981}},"76":{"start":{"line":1,"column":1921},"end":{"line":1,"column":1981}},"77":{"start":{"line":1,"column":1981},"end":{"line":1,"column":1989}},"78":{"start":{"line":1,"column":1991},"end":{"line":1,"column":5244}},"79":{"start":{"line":1,"column":2032},"end":{"line":1,"column":2267}},"80":{"start":{"line":1,"column":2050},"end":{"line":1,"column":2108}},"81":{"start":{"line":1,"column":2060},"end":{"line":1,"column":2062}},"82":{"start":{"line":1,"column":2065},"end":{"line":1,"column":2066}},"83":{"start":{"line":1,"column":2090},"end":{"line":1,"column":2108}},"84":{"start":{"line":1,"column":2114},"end":{"line":1,"column":2118}},"85":{"start":{"line":1,"column":2119},"end":{"line":1,"column":2258}},"86":{"start":{"line":1,"column":2150},"end":{"line":1,"column":2152}},"87":{"start":{"line":1,"column":2153},"end":{"line":1,"column":2209}},"88":{"start":{"line":1,"column":2178},"end":{"line":1,"column":2184}},"89":{"start":{"line":1,"column":2215},"end":{"line":1,"column":2258}},"90":{"start":{"line":1,"column":2240},"end":{"line":1,"column":2252}},"91":{"start":{"line":1,"column":2258},"end":{"line":1,"column":2266}},"92":{"start":{"line":1,"column":2337},"end":{"line":1,"column":2358}},"93":{"start":{"line":1,"column":2392},"end":{"line":1,"column":2436}},"94":{"start":{"line":1,"column":2465},"end":{"line":1,"column":2483}},"95":{"start":{"line":1,"column":2515},"end":{"line":1,"column":2541}},"96":{"start":{"line":1,"column":2587},"end":{"line":1,"column":2648}},"97":{"start":{"line":1,"column":2678},"end":{"line":1,"column":2855}},"98":{"start":{"line":1,"column":2886},"end":{"line":1,"column":2944}},"99":{"start":{"line":1,"column":2996},"end":{"line":1,"column":3122}},"100":{"start":{"line":1,"column":3153},"end":{"line":1,"column":3180}},"101":{"start":{"line":1,"column":3219},"end":{"line":1,"column":3257}},"102":{"start":{"line":1,"column":3311},"end":{"line":1,"column":3328}},"103":{"start":{"line":1,"column":3364},"end":{"line":1,"column":3381}},"104":{"start":{"line":1,"column":3418},"end":{"line":1,"column":3448}},"105":{"start":{"line":1,"column":3479},"end":{"line":1,"column":3503}},"106":{"start":{"line":1,"column":3557},"end":{"line":1,"column":3577}},"107":{"start":{"line":1,"column":3607},"end":{"line":1,"column":3652}},"108":{"start":{"line":1,"column":3684},"end":{"line":1,"column":3705}},"109":{"start":{"line":1,"column":3736},"end":{"line":1,"column":3756}},"110":{"start":{"line":1,"column":3793},"end":{"line":1,"column":3873}},"111":{"start":{"line":1,"column":3958},"end":{"line":1,"column":4005}},"112":{"start":{"line":1,"column":4042},"end":{"line":1,"column":4442}},"113":{"start":{"line":1,"column":4067},"end":{"line":1,"column":4068}},"114":{"start":{"line":1,"column":4069},"end":{"line":1,"column":4441}},"115":{"start":{"line":1,"column":4101},"end":{"line":1,"column":4103}},"116":{"start":{"line":1,"column":4104},"end":{"line":1,"column":4190}},"117":{"start":{"line":1,"column":4119},"end":{"line":1,"column":4190}},"118":{"start":{"line":1,"column":4190},"end":{"line":1,"column":4401}},"119":{"start":{"line":1,"column":4257},"end":{"line":1,"column":4258}},"120":{"start":{"line":1,"column":4259},"end":{"line":1,"column":4400}},"121":{"start":{"line":1,"column":4312},"end":{"line":1,"column":4400}},"122":{"start":{"line":1,"column":4401},"end":{"line":1,"column":4409}},"123":{"start":{"line":1,"column":4481},"end":{"line":1,"column":4958}},"124":{"start":{"line":1,"column":4551},"end":{"line":1,"column":4580}},"125":{"start":{"line":1,"column":4586},"end":{"line":1,"column":4951}},"126":{"start":{"line":1,"column":4597},"end":{"line":1,"column":4950}},"127":{"start":{"line":1,"column":4647},"end":{"line":1,"column":4947}},"128":{"start":{"line":1,"column":4674},"end":{"line":1,"column":4939}},"129":{"start":{"line":1,"column":4697},"end":{"line":1,"column":4815}},"130":{"start":{"line":1,"column":4754},"end":{"line":1,"column":4770}},"131":{"start":{"line":1,"column":4793},"end":{"line":1,"column":4809}},"132":{"start":{"line":1,"column":4822},"end":{"line":1,"column":4938}},"133":{"start":{"line":1,"column":4952},"end":{"line":1,"column":4955}},"134":{"start":{"line":1,"column":5003},"end":{"line":1,"column":5016}},"135":{"start":{"line":1,"column":5016},"end":{"line":1,"column":5223}},"136":{"start":{"line":1,"column":5034},"end":{"line":1,"column":5092}},"137":{"start":{"line":1,"column":5044},"end":{"line":1,"column":5046}},"138":{"start":{"line":1,"column":5049},"end":{"line":1,"column":5050}},"139":{"start":{"line":1,"column":5074},"end":{"line":1,"column":5092}},"140":{"start":{"line":1,"column":5098},"end":{"line":1,"column":5102}},"141":{"start":{"line":1,"column":5103},"end":{"line":1,"column":5214}},"142":{"start":{"line":1,"column":5115},"end":{"line":1,"column":5125}},"143":{"start":{"line":1,"column":5126},"end":{"line":1,"column":5153}},"144":{"start":{"line":1,"column":5159},"end":{"line":1,"column":5214}},"145":{"start":{"line":1,"column":5188},"end":{"line":1,"column":5207}},"146":{"start":{"line":1,"column":5214},"end":{"line":1,"column":5222}}},"fnMap":{"0":{"name":"(anonymous_0)","decl":{"start":{"line":1,"column":47},"end":{"line":1,"column":48}},"loc":{"start":{"line":1,"column":60},"end":{"line":1,"column":117}},"line":1},"1":{"name":"(anonymous_1)","decl":{"start":{"line":1,"column":120},"end":{"line":1,"column":121}},"loc":{"start":{"line":1,"column":131},"end":{"line":1,"column":150}},"line":1},"2":{"name":"(anonymous_2)","decl":{"start":{"line":1,"column":153},"end":{"line":1,"column":154}},"loc":{"start":{"line":1,"column":164},"end":{"line":1,"column":177}},"line":1},"3":{"name":"(anonymous_3)","decl":{"start":{"line":1,"column":180},"end":{"line":1,"column":181}},"loc":{"start":{"line":1,"column":191},"end":{"line":1,"column":239}},"line":1},"4":{"name":"(anonymous_4)","decl":{"start":{"line":1,"column":242},"end":{"line":1,"column":243}},"loc":{"start":{"line":1,"column":253},"end":{"line":1,"column":270}},"line":1},"5":{"name":"(anonymous_5)","decl":{"start":{"line":1,"column":273},"end":{"line":1,"column":274}},"loc":{"start":{"line":1,"column":284},"end":{"line":1,"column":306}},"line":1},"6":{"name":"(anonymous_6)","decl":{"start":{"line":1,"column":309},"end":{"line":1,"column":310}},"loc":{"start":{"line":1,"column":320},"end":{"line":1,"column":348}},"line":1},"7":{"name":"(anonymous_7)","decl":{"start":{"line":1,"column":351},"end":{"line":1,"column":352}},"loc":{"start":{"line":1,"column":362},"end":{"line":1,"column":390}},"line":1},"8":{"name":"a","decl":{"start":{"line":1,"column":400},"end":{"line":1,"column":401}},"loc":{"start":{"line":1,"column":410},"end":{"line":1,"column":684}},"line":1},"9":{"name":"(anonymous_9)","decl":{"start":{"line":1,"column":439},"end":{"line":1,"column":440}},"loc":{"start":{"line":1,"column":452},"end":{"line":1,"column":681}},"line":1},"10":{"name":"u","decl":{"start":{"line":1,"column":462},"end":{"line":1,"column":463}},"loc":{"start":{"line":1,"column":466},"end":{"line":1,"column":499}},"line":1},"11":{"name":"s","decl":{"start":{"line":1,"column":508},"end":{"line":1,"column":509}},"loc":{"start":{"line":1,"column":512},"end":{"line":1,"column":546}},"line":1},"12":{"name":"c","decl":{"start":{"line":1,"column":555},"end":{"line":1,"column":556}},"loc":{"start":{"line":1,"column":559},"end":{"line":1,"column":650}},"line":1},"13":{"name":"(anonymous_13)","decl":{"start":{"line":1,"column":619},"end":{"line":1,"column":620}},"loc":{"start":{"line":1,"column":630},"end":{"line":1,"column":636}},"line":1},"14":{"name":"l","decl":{"start":{"line":1,"column":693},"end":{"line":1,"column":694}},"loc":{"start":{"line":1,"column":699},"end":{"line":1,"column":1767}},"line":1},"15":{"name":"(anonymous_15)","decl":{"start":{"line":1,"column":728},"end":{"line":1,"column":729}},"loc":{"start":{"line":1,"column":738},"end":{"line":1,"column":772}},"line":1},"16":{"name":"(anonymous_16)","decl":{"start":{"line":1,"column":880},"end":{"line":1,"column":881}},"loc":{"start":{"line":1,"column":890},"end":{"line":1,"column":903}},"line":1},"17":{"name":"s","decl":{"start":{"line":1,"column":916},"end":{"line":1,"column":917}},"loc":{"start":{"line":1,"column":920},"end":{"line":1,"column":1766}},"line":1},"18":{"name":"(anonymous_18)","decl":{"start":{"line":1,"column":928},"end":{"line":1,"column":929}},"loc":{"start":{"line":1,"column":939},"end":{"line":1,"column":1765}},"line":1},"19":{"name":"(anonymous_19)","decl":{"start":{"line":1,"column":947},"end":{"line":1,"column":948}},"loc":{"start":{"line":1,"column":958},"end":{"line":1,"column":1757}},"line":1},"20":{"name":"(anonymous_20)","decl":{"start":{"line":1,"column":1773},"end":{"line":1,"column":1774}},"loc":{"start":{"line":1,"column":1786},"end":{"line":1,"column":1990}},"line":1},"21":{"name":"(anonymous_21)","decl":{"start":{"line":1,"column":2008},"end":{"line":1,"column":2009}},"loc":{"start":{"line":1,"column":2023},"end":{"line":1,"column":2268}},"line":1},"22":{"name":"(anonymous_22)","decl":{"start":{"line":1,"column":2039},"end":{"line":1,"column":2040}},"loc":{"start":{"line":1,"column":2049},"end":{"line":1,"column":2267}},"line":1},"23":{"name":"(anonymous_23)","decl":{"start":{"line":1,"column":2167},"end":{"line":1,"column":2168}},"loc":{"start":{"line":1,"column":2177},"end":{"line":1,"column":2185}},"line":1},"24":{"name":"(anonymous_24)","decl":{"start":{"line":1,"column":2229},"end":{"line":1,"column":2230}},"loc":{"start":{"line":1,"column":2239},"end":{"line":1,"column":2253}},"line":1},"25":{"name":"(anonymous_25)","decl":{"start":{"line":1,"column":2325},"end":{"line":1,"column":2326}},"loc":{"start":{"line":1,"column":2336},"end":{"line":1,"column":2359}},"line":1},"26":{"name":"(anonymous_26)","decl":{"start":{"line":1,"column":2380},"end":{"line":1,"column":2381}},"loc":{"start":{"line":1,"column":2391},"end":{"line":1,"column":2437}},"line":1},"27":{"name":"(anonymous_27)","decl":{"start":{"line":1,"column":2453},"end":{"line":1,"column":2454}},"loc":{"start":{"line":1,"column":2464},"end":{"line":1,"column":2484}},"line":1},"28":{"name":"(anonymous_28)","decl":{"start":{"line":1,"column":2503},"end":{"line":1,"column":2504}},"loc":{"start":{"line":1,"column":2514},"end":{"line":1,"column":2542}},"line":1},"29":{"name":"(anonymous_29)","decl":{"start":{"line":1,"column":2575},"end":{"line":1,"column":2576}},"loc":{"start":{"line":1,"column":2586},"end":{"line":1,"column":2649}},"line":1},"30":{"name":"(anonymous_30)","decl":{"start":{"line":1,"column":2666},"end":{"line":1,"column":2667}},"loc":{"start":{"line":1,"column":2677},"end":{"line":1,"column":2856}},"line":1},"31":{"name":"(anonymous_31)","decl":{"start":{"line":1,"column":2874},"end":{"line":1,"column":2875}},"loc":{"start":{"line":1,"column":2885},"end":{"line":1,"column":2945}},"line":1},"32":{"name":"(anonymous_32)","decl":{"start":{"line":1,"column":2984},"end":{"line":1,"column":2985}},"loc":{"start":{"line":1,"column":2995},"end":{"line":1,"column":3123}},"line":1},"33":{"name":"(anonymous_33)","decl":{"start":{"line":1,"column":3141},"end":{"line":1,"column":3142}},"loc":{"start":{"line":1,"column":3152},"end":{"line":1,"column":3181}},"line":1},"34":{"name":"(anonymous_34)","decl":{"start":{"line":1,"column":3207},"end":{"line":1,"column":3208}},"loc":{"start":{"line":1,"column":3218},"end":{"line":1,"column":3258}},"line":1},"35":{"name":"(anonymous_35)","decl":{"start":{"line":1,"column":3299},"end":{"line":1,"column":3300}},"loc":{"start":{"line":1,"column":3310},"end":{"line":1,"column":3329}},"line":1},"36":{"name":"(anonymous_36)","decl":{"start":{"line":1,"column":3352},"end":{"line":1,"column":3353}},"loc":{"start":{"line":1,"column":3363},"end":{"line":1,"column":3382}},"line":1},"37":{"name":"(anonymous_37)","decl":{"start":{"line":1,"column":3406},"end":{"line":1,"column":3407}},"loc":{"start":{"line":1,"column":3417},"end":{"line":1,"column":3449}},"line":1},"38":{"name":"(anonymous_38)","decl":{"start":{"line":1,"column":3467},"end":{"line":1,"column":3468}},"loc":{"start":{"line":1,"column":3478},"end":{"line":1,"column":3504}},"line":1},"39":{"name":"(anonymous_39)","decl":{"start":{"line":1,"column":3545},"end":{"line":1,"column":3546}},"loc":{"start":{"line":1,"column":3556},"end":{"line":1,"column":3578}},"line":1},"40":{"name":"(anonymous_40)","decl":{"start":{"line":1,"column":3595},"end":{"line":1,"column":3596}},"loc":{"start":{"line":1,"column":3606},"end":{"line":1,"column":3653}},"line":1},"41":{"name":"(anonymous_41)","decl":{"start":{"line":1,"column":3672},"end":{"line":1,"column":3673}},"loc":{"start":{"line":1,"column":3683},"end":{"line":1,"column":3706}},"line":1},"42":{"name":"(anonymous_42)","decl":{"start":{"line":1,"column":3724},"end":{"line":1,"column":3725}},"loc":{"start":{"line":1,"column":3735},"end":{"line":1,"column":3757}},"line":1},"43":{"name":"(anonymous_43)","decl":{"start":{"line":1,"column":3781},"end":{"line":1,"column":3782}},"loc":{"start":{"line":1,"column":3792},"end":{"line":1,"column":3874}},"line":1},"44":{"name":"(anonymous_44)","decl":{"start":{"line":1,"column":3946},"end":{"line":1,"column":3947}},"loc":{"start":{"line":1,"column":3957},"end":{"line":1,"column":4006}},"line":1},"45":{"name":"(anonymous_45)","decl":{"start":{"line":1,"column":4030},"end":{"line":1,"column":4031}},"loc":{"start":{"line":1,"column":4041},"end":{"line":1,"column":4443}},"line":1},"46":{"name":"(anonymous_46)","decl":{"start":{"line":1,"column":4049},"end":{"line":1,"column":4050}},"loc":{"start":{"line":1,"column":4060},"end":{"line":1,"column":4442}},"line":1},"47":{"name":"(anonymous_47)","decl":{"start":{"line":1,"column":4081},"end":{"line":1,"column":4082}},"loc":{"start":{"line":1,"column":4094},"end":{"line":1,"column":4410}},"line":1},"48":{"name":"(anonymous_48)","decl":{"start":{"line":1,"column":4465},"end":{"line":1,"column":4466}},"loc":{"start":{"line":1,"column":4480},"end":{"line":1,"column":4959}},"line":1},"49":{"name":"(anonymous_49)","decl":{"start":{"line":1,"column":4537},"end":{"line":1,"column":4538}},"loc":{"start":{"line":1,"column":4550},"end":{"line":1,"column":4956}},"line":1},"50":{"name":"(anonymous_50)","decl":{"start":{"line":1,"column":4586},"end":{"line":1,"column":4587}},"loc":{"start":{"line":1,"column":4596},"end":{"line":1,"column":4951}},"line":1},"51":{"name":"(anonymous_51)","decl":{"start":{"line":1,"column":4626},"end":{"line":1,"column":4627}},"loc":{"start":{"line":1,"column":4636},"end":{"line":1,"column":4948}},"line":1},"52":{"name":"(anonymous_52)","decl":{"start":{"line":1,"column":4662},"end":{"line":1,"column":4663}},"loc":{"start":{"line":1,"column":4673},"end":{"line":1,"column":4945}},"line":1},"53":{"name":"(anonymous_53)","decl":{"start":{"line":1,"column":4742},"end":{"line":1,"column":4743}},"loc":{"start":{"line":1,"column":4753},"end":{"line":1,"column":4771}},"line":1},"54":{"name":"(anonymous_54)","decl":{"start":{"line":1,"column":4781},"end":{"line":1,"column":4782}},"loc":{"start":{"line":1,"column":4792},"end":{"line":1,"column":4810}},"line":1},"55":{"name":"(anonymous_55)","decl":{"start":{"line":1,"column":4977},"end":{"line":1,"column":4978}},"loc":{"start":{"line":1,"column":4992},"end":{"line":1,"column":5224}},"line":1},"56":{"name":"(anonymous_56)","decl":{"start":{"line":1,"column":5023},"end":{"line":1,"column":5024}},"loc":{"start":{"line":1,"column":5033},"end":{"line":1,"column":5223}},"line":1},"57":{"name":"(anonymous_57)","decl":{"start":{"line":1,"column":5177},"end":{"line":1,"column":5178}},"loc":{"start":{"line":1,"column":5187},"end":{"line":1,"column":5208}},"line":1}},"branchMap":{"0":{"loc":{"start":{"line":1,"column":68},"end":{"line":1,"column":116}},"type":"cond-expr","locations":[{"start":{"line":1,"column":70},"end":{"line":1,"column":106}},{"start":{"line":1,"column":107},"end":{"line":1,"column":116}}],"line":1},"1":{"loc":{"start":{"line":1,"column":199},"end":{"line":1,"column":238}},"type":"binary-expr","locations":[{"start":{"line":1,"column":199},"end":{"line":1,"column":207}},{"start":{"line":1,"column":209},"end":{"line":1,"column":238}}],"line":1},"2":{"loc":{"start":{"line":1,"column":370},"end":{"line":1,"column":389}},"type":"binary-expr","locations":[{"start":{"line":1,"column":370},"end":{"line":1,"column":371}},{"start":{"line":1,"column":373},"end":{"line":1,"column":389}}],"line":1},"3":{"loc":{"start":{"line":1,"column":422},"end":{"line":1,"column":436}},"type":"binary-expr","locations":[{"start":{"line":1,"column":422},"end":{"line":1,"column":423}},{"start":{"line":1,"column":426},"end":{"line":1,"column":435}}],"line":1},"4":{"loc":{"start":{"line":1,"column":566},"end":{"line":1,"column":649}},"type":"cond-expr","locations":[{"start":{"line":1,"column":573},"end":{"line":1,"column":583}},{"start":{"line":1,"column":584},"end":{"line":1,"column":649}}],"line":1},"5":{"loc":{"start":{"line":1,"column":595},"end":{"line":1,"column":638}},"type":"cond-expr","locations":[{"start":{"line":1,"column":610},"end":{"line":1,"column":611}},{"start":{"line":1,"column":612},"end":{"line":1,"column":638}}],"line":1},"6":{"loc":{"start":{"line":1,"column":665},"end":{"line":1,"column":670}},"type":"binary-expr","locations":[{"start":{"line":1,"column":665},"end":{"line":1,"column":666}},{"start":{"line":1,"column":668},"end":{"line":1,"column":670}}],"line":1},"7":{"loc":{"start":{"line":1,"column":739},"end":{"line":1,"column":760}},"type":"if","locations":[{"start":{"line":1,"column":739},"end":{"line":1,"column":760}},{"start":{},"end":{}}],"line":1},"8":{"loc":{"start":{"line":1,"column":833},"end":{"line":1,"column":904}},"type":"binary-expr","locations":[{"start":{"line":1,"column":833},"end":{"line":1,"column":858}},{"start":{"line":1,"column":861},"end":{"line":1,"column":903}}],"line":1},"9":{"loc":{"start":{"line":1,"column":959},"end":{"line":1,"column":1019}},"type":"if","locations":[{"start":{"line":1,"column":959},"end":{"line":1,"column":1019}},{"start":{},"end":{}}],"line":1},"10":{"loc":{"start":{"line":1,"column":1024},"end":{"line":1,"column":1044}},"type":"binary-expr","locations":[{"start":{"line":1,"column":1024},"end":{"line":1,"column":1025}},{"start":{"line":1,"column":1028},"end":{"line":1,"column":1043}}],"line":1},"11":{"loc":{"start":{"line":1,"column":1032},"end":{"line":1,"column":1043}},"type":"binary-expr","locations":[{"start":{"line":1,"column":1032},"end":{"line":1,"column":1036}},{"start":{"line":1,"column":1039},"end":{"line":1,"column":1042}}],"line":1},"12":{"loc":{"start":{"line":1,"column":1052},"end":{"line":1,"column":1166}},"type":"if","locations":[{"start":{"line":1,"column":1052},"end":{"line":1,"column":1166}},{"start":{},"end":{}}],"line":1},"13":{"loc":{"start":{"line":1,"column":1059},"end":{"line":1,"column":1156}},"type":"binary-expr","locations":[{"start":{"line":1,"column":1059},"end":{"line":1,"column":1060}},{"start":{"line":1,"column":1063},"end":{"line":1,"column":1129}},{"start":{"line":1,"column":1132},"end":{"line":1,"column":1156}}],"line":1},"14":{"loc":{"start":{"line":1,"column":1065},"end":{"line":1,"column":1129}},"type":"cond-expr","locations":[{"start":{"line":1,"column":1072},"end":{"line":1,"column":1080}},{"start":{"line":1,"column":1081},"end":{"line":1,"column":1129}}],"line":1},"15":{"loc":{"start":{"line":1,"column":1081},"end":{"line":1,"column":1129}},"type":"cond-expr","locations":[{"start":{"line":1,"column":1086},"end":{"line":1,"column":1122}},{"start":{"line":1,"column":1123},"end":{"line":1,"column":1129}}],"line":1},"16":{"loc":{"start":{"line":1,"column":1086},"end":{"line":1,"column":1122}},"type":"binary-expr","locations":[{"start":{"line":1,"column":1086},"end":{"line":1,"column":1093}},{"start":{"line":1,"column":1096},"end":{"line":1,"column":1121}}],"line":1},"17":{"loc":{"start":{"line":1,"column":1096},"end":{"line":1,"column":1119}},"type":"binary-expr","locations":[{"start":{"line":1,"column":1097},"end":{"line":1,"column":1107}},{"start":{"line":1,"column":1110},"end":{"line":1,"column":1119}}],"line":1},"18":{"loc":{"start":{"line":1,"column":1166},"end":{"line":1,"column":1648}},"type":"switch","locations":[{"start":{"line":1,"column":1207},"end":{"line":1,"column":1214}},{"start":{"line":1,"column":1214},"end":{"line":1,"column":1231}},{"start":{"line":1,"column":1231},"end":{"line":1,"column":1276}},{"start":{"line":1,"column":1276},"end":{"line":1,"column":1315}},{"start":{"line":1,"column":1315},"end":{"line":1,"column":1358}},{"start":{"line":1,"column":1358},"end":{"line":1,"column":1647}}],"line":1},"19":{"loc":{"start":{"line":1,"column":1177},"end":{"line":1,"column":1200}},"type":"binary-expr","locations":[{"start":{"line":1,"column":1177},"end":{"line":1,"column":1178}},{"start":{"line":1,"column":1181},"end":{"line":1,"column":1199}}],"line":1},"20":{"loc":{"start":{"line":1,"column":1366},"end":{"line":1,"column":1445}},"type":"if","locations":[{"start":{"line":1,"column":1366},"end":{"line":1,"column":1445}},{"start":{},"end":{}}],"line":1},"21":{"loc":{"start":{"line":1,"column":1380},"end":{"line":1,"column":1429}},"type":"binary-expr","locations":[{"start":{"line":1,"column":1381},"end":{"line":1,"column":1408}},{"start":{"line":1,"column":1411},"end":{"line":1,"column":1419}},{"start":{"line":1,"column":1421},"end":{"line":1,"column":1429}}],"line":1},"22":{"loc":{"start":{"line":1,"column":1383},"end":{"line":1,"column":1408}},"type":"binary-expr","locations":[{"start":{"line":1,"column":1383},"end":{"line":1,"column":1393}},{"start":{"line":1,"column":1395},"end":{"line":1,"column":1408}}],"line":1},"23":{"loc":{"start":{"line":1,"column":1445},"end":{"line":1,"column":1505}},"type":"if","locations":[{"start":{"line":1,"column":1445},"end":{"line":1,"column":1505}},{"start":{},"end":{}}],"line":1},"24":{"loc":{"start":{"line":1,"column":1448},"end":{"line":1,"column":1484}},"type":"binary-expr","locations":[{"start":{"line":1,"column":1448},"end":{"line":1,"column":1456}},{"start":{"line":1,"column":1459},"end":{"line":1,"column":1461}},{"start":{"line":1,"column":1463},"end":{"line":1,"column":1472}},{"start":{"line":1,"column":1474},"end":{"line":1,"column":1483}}],"line":1},"25":{"loc":{"start":{"line":1,"column":1505},"end":{"line":1,"column":1555}},"type":"if","locations":[{"start":{"line":1,"column":1505},"end":{"line":1,"column":1555}},{"start":{},"end":{}}],"line":1},"26":{"loc":{"start":{"line":1,"column":1508},"end":{"line":1,"column":1530}},"type":"binary-expr","locations":[{"start":{"line":1,"column":1508},"end":{"line":1,"column":1516}},{"start":{"line":1,"column":1518},"end":{"line":1,"column":1530}}],"line":1},"27":{"loc":{"start":{"line":1,"column":1555},"end":{"line":1,"column":1608}},"type":"if","locations":[{"start":{"line":1,"column":1555},"end":{"line":1,"column":1608}},{"start":{},"end":{}}],"line":1},"28":{"loc":{"start":{"line":1,"column":1558},"end":{"line":1,"column":1573}},"type":"binary-expr","locations":[{"start":{"line":1,"column":1558},"end":{"line":1,"column":1559}},{"start":{"line":1,"column":1561},"end":{"line":1,"column":1573}}],"line":1},"29":{"loc":{"start":{"line":1,"column":1608},"end":{"line":1,"column":1625}},"type":"binary-expr","locations":[{"start":{"line":1,"column":1608},"end":{"line":1,"column":1612}},{"start":{"line":1,"column":1614},"end":{"line":1,"column":1625}}],"line":1},"30":{"loc":{"start":{"line":1,"column":1697},"end":{"line":1,"column":1718}},"type":"if","locations":[{"start":{"line":1,"column":1697},"end":{"line":1,"column":1718}},{"start":{},"end":{}}],"line":1},"31":{"loc":{"start":{"line":1,"column":1731},"end":{"line":1,"column":1747}},"type":"cond-expr","locations":[{"start":{"line":1,"column":1736},"end":{"line":1,"column":1740}},{"start":{"line":1,"column":1741},"end":{"line":1,"column":1747}}],"line":1},"32":{"loc":{"start":{"line":1,"column":1787},"end":{"line":1,"column":1840}},"type":"if","locations":[{"start":{"line":1,"column":1787},"end":{"line":1,"column":1840}},{"start":{},"end":{}}],"line":1},"33":{"loc":{"start":{"line":1,"column":1790},"end":{"line":1,"column":1817}},"type":"binary-expr","locations":[{"start":{"line":1,"column":1790},"end":{"line":1,"column":1800}},{"start":{"line":1,"column":1803},"end":{"line":1,"column":1816}}],"line":1},"34":{"loc":{"start":{"line":1,"column":1818},"end":{"line":1,"column":1830}},"type":"binary-expr","locations":[{"start":{"line":1,"column":1818},"end":{"line":1,"column":1823}},{"start":{"line":1,"column":1825},"end":{"line":1,"column":1830}}],"line":1},"35":{"loc":{"start":{"line":1,"column":1840},"end":{"line":1,"column":1868}},"type":"if","locations":[{"start":{"line":1,"column":1840},"end":{"line":1,"column":1868}},{"start":{},"end":{}}],"line":1},"36":{"loc":{"start":{"line":1,"column":1921},"end":{"line":1,"column":1980}},"type":"binary-expr","locations":[{"start":{"line":1,"column":1921},"end":{"line":1,"column":1962}},{"start":{"line":1,"column":1965},"end":{"line":1,"column":1979}}],"line":1},"37":{"loc":{"start":{"line":1,"column":2119},"end":{"line":1,"column":2258}},"type":"if","locations":[{"start":{"line":1,"column":2119},"end":{"line":1,"column":2258}},{"start":{"line":1,"column":2215},"end":{"line":1,"column":2258}}],"line":1},"38":{"loc":{"start":{"line":1,"column":2122},"end":{"line":1,"column":2140}},"type":"binary-expr","locations":[{"start":{"line":1,"column":2122},"end":{"line":1,"column":2123}},{"start":{"line":1,"column":2125},"end":{"line":1,"column":2140}}],"line":1},"39":{"loc":{"start":{"line":1,"column":2190},"end":{"line":1,"column":2209}},"type":"binary-expr","locations":[{"start":{"line":1,"column":2190},"end":{"line":1,"column":2191}},{"start":{"line":1,"column":2194},"end":{"line":1,"column":2208}}],"line":1},"40":{"loc":{"start":{"line":1,"column":2685},"end":{"line":1,"column":2855}},"type":"cond-expr","locations":[{"start":{"line":1,"column":2696},"end":{"line":1,"column":2708}},{"start":{"line":1,"column":2709},"end":{"line":1,"column":2855}}],"line":1},"41":{"loc":{"start":{"line":1,"column":2685},"end":{"line":1,"column":2695}},"type":"binary-expr","locations":[{"start":{"line":1,"column":2685},"end":{"line":1,"column":2689}},{"start":{"line":1,"column":2691},"end":{"line":1,"column":2695}}],"line":1},"42":{"loc":{"start":{"line":1,"column":2709},"end":{"line":1,"column":2855}},"type":"cond-expr","locations":[{"start":{"line":1,"column":2744},"end":{"line":1,"column":2754}},{"start":{"line":1,"column":2755},"end":{"line":1,"column":2855}}],"line":1},"43":{"loc":{"start":{"line":1,"column":2709},"end":{"line":1,"column":2743}},"type":"binary-expr","locations":[{"start":{"line":1,"column":2709},"end":{"line":1,"column":2725}},{"start":{"line":1,"column":2727},"end":{"line":1,"column":2743}}],"line":1},"44":{"loc":{"start":{"line":1,"column":2755},"end":{"line":1,"column":2855}},"type":"cond-expr","locations":[{"start":{"line":1,"column":2760},"end":{"line":1,"column":2785}},{"start":{"line":1,"column":2786},"end":{"line":1,"column":2855}}],"line":1},"45":{"loc":{"start":{"line":1,"column":2786},"end":{"line":1,"column":2855}},"type":"binary-expr","locations":[{"start":{"line":1,"column":2786},"end":{"line":1,"column":2793}},{"start":{"line":1,"column":2795},"end":{"line":1,"column":2801}},{"start":{"line":1,"column":2803},"end":{"line":1,"column":2816}},{"start":{"line":1,"column":2818},"end":{"line":1,"column":2855}}],"line":1},"46":{"loc":{"start":{"line":1,"column":3318},"end":{"line":1,"column":3328}},"type":"binary-expr","locations":[{"start":{"line":1,"column":3318},"end":{"line":1,"column":3322}},{"start":{"line":1,"column":3324},"end":{"line":1,"column":3328}}],"line":1},"47":{"loc":{"start":{"line":1,"column":3371},"end":{"line":1,"column":3381}},"type":"binary-expr","locations":[{"start":{"line":1,"column":3371},"end":{"line":1,"column":3375}},{"start":{"line":1,"column":3377},"end":{"line":1,"column":3381}}],"line":1},"48":{"loc":{"start":{"line":1,"column":3964},"end":{"line":1,"column":4005}},"type":"binary-expr","locations":[{"start":{"line":1,"column":3964},"end":{"line":1,"column":3990}},{"start":{"line":1,"column":3992},"end":{"line":1,"column":4005}}],"line":1},"49":{"loc":{"start":{"line":1,"column":4119},"end":{"line":1,"column":4189}},"type":"binary-expr","locations":[{"start":{"line":1,"column":4119},"end":{"line":1,"column":4160}},{"start":{"line":1,"column":4162},"end":{"line":1,"column":4176}},{"start":{"line":1,"column":4179},"end":{"line":1,"column":4188}}],"line":1},"50":{"loc":{"start":{"line":1,"column":4190},"end":{"line":1,"column":4401}},"type":"if","locations":[{"start":{"line":1,"column":4190},"end":{"line":1,"column":4401}},{"start":{},"end":{}}],"line":1},"51":{"loc":{"start":{"line":1,"column":4193},"end":{"line":1,"column":4249}},"type":"binary-expr","locations":[{"start":{"line":1,"column":4193},"end":{"line":1,"column":4200}},{"start":{"line":1,"column":4202},"end":{"line":1,"column":4249}}],"line":1},"52":{"loc":{"start":{"line":1,"column":4312},"end":{"line":1,"column":4400}},"type":"binary-expr","locations":[{"start":{"line":1,"column":4312},"end":{"line":1,"column":4329}},{"start":{"line":1,"column":4331},"end":{"line":1,"column":4381}},{"start":{"line":1,"column":4384},"end":{"line":1,"column":4399}}],"line":1},"53":{"loc":{"start":{"line":1,"column":4414},"end":{"line":1,"column":4439}},"type":"cond-expr","locations":[{"start":{"line":1,"column":4433},"end":{"line":1,"column":4434}},{"start":{"line":1,"column":4435},"end":{"line":1,"column":4439}}],"line":1},"54":{"loc":{"start":{"line":1,"column":4488},"end":{"line":1,"column":4505}},"type":"binary-expr","locations":[{"start":{"line":1,"column":4488},"end":{"line":1,"column":4498}},{"start":{"line":1,"column":4501},"end":{"line":1,"column":4504}}],"line":1},"55":{"loc":{"start":{"line":1,"column":4506},"end":{"line":1,"column":4523}},"type":"binary-expr","locations":[{"start":{"line":1,"column":4506},"end":{"line":1,"column":4516}},{"start":{"line":1,"column":4519},"end":{"line":1,"column":4522}}],"line":1},"56":{"loc":{"start":{"line":1,"column":4551},"end":{"line":1,"column":4579}},"type":"binary-expr","locations":[{"start":{"line":1,"column":4551},"end":{"line":1,"column":4555}},{"start":{"line":1,"column":4557},"end":{"line":1,"column":4579}}],"line":1},"57":{"loc":{"start":{"line":1,"column":4674},"end":{"line":1,"column":4939}},"type":"switch","locations":[{"start":{"line":1,"column":4690},"end":{"line":1,"column":4815}},{"start":{"line":1,"column":4815},"end":{"line":1,"column":4938}}],"line":1},"58":{"loc":{"start":{"line":1,"column":4884},"end":{"line":1,"column":4934}},"type":"cond-expr","locations":[{"start":{"line":1,"column":4886},"end":{"line":1,"column":4929}},{"start":{"line":1,"column":4930},"end":{"line":1,"column":4934}}],"line":1},"59":{"loc":{"start":{"line":1,"column":4886},"end":{"line":1,"column":4929}},"type":"cond-expr","locations":[{"start":{"line":1,"column":4894},"end":{"line":1,"column":4923}},{"start":{"line":1,"column":4925},"end":{"line":1,"column":4929}}],"line":1},"60":{"loc":{"start":{"line":1,"column":4898},"end":{"line":1,"column":4923}},"type":"cond-expr","locations":[{"start":{"line":1,"column":4904},"end":{"line":1,"column":4919}},{"start":{"line":1,"column":4920},"end":{"line":1,"column":4923}}],"line":1},"61":{"loc":{"start":{"line":1,"column":5003},"end":{"line":1,"column":5015}},"type":"cond-expr","locations":[{"start":{"line":1,"column":5005},"end":{"line":1,"column":5008}},{"start":{"line":1,"column":5009},"end":{"line":1,"column":5015}}],"line":1},"62":{"loc":{"start":{"line":1,"column":5103},"end":{"line":1,"column":5214}},"type":"if","locations":[{"start":{"line":1,"column":5103},"end":{"line":1,"column":5214}},{"start":{"line":1,"column":5159},"end":{"line":1,"column":5214}}],"line":1},"63":{"loc":{"start":{"line":1,"column":5126},"end":{"line":1,"column":5153}},"type":"binary-expr","locations":[{"start":{"line":1,"column":5126},"end":{"line":1,"column":5131}},{"start":{"line":1,"column":5134},"end":{"line":1,"column":5152}}],"line":1},"64":{"loc":{"start":{"line":1,"column":5159},"end":{"line":1,"column":5213}},"type":"binary-expr","locations":[{"start":{"line":1,"column":5159},"end":{"line":1,"column":5160}},{"start":{"line":1,"column":5163},"end":{"line":1,"column":5212}}],"line":1}},"s":{"0":2,"1":2,"2":1,"3":2,"4":0,"5":2,"6":0,"7":2,"8":6,"9":2,"10":0,"11":2,"12":0,"13":2,"14":1,"15":2,"16":3,"17":9,"18":9,"19":9,"20":0,"21":0,"22":0,"23":0,"24":18,"25":0,"26":9,"27":9,"28":9,"29":0,"30":9,"31":9,"32":0,"33":27,"34":18,"35":18,"36":0,"37":18,"38":36,"39":36,"40":0,"41":36,"42":18,"43":18,"44":9,"45":0,"46":0,"47":0,"48":0,"49":9,"50":9,"51":9,"52":0,"53":0,"54":0,"55":0,"56":0,"57":0,"58":0,"59":0,"60":0,"61":0,"62":0,"63":18,"64":0,"65":36,"66":9,"67":0,"68":9,"69":2,"70":6,"71":3,"72":3,"73":1,"74":2,"75":2,"76":5,"77":2,"78":2,"79":1,"80":100,"81":100,"82":100,"83":100,"84":100,"85":100,"86":0,"87":0,"88":0,"89":100,"90":1,"91":100,"92":0,"93":0,"94":0,"95":0,"96":0,"97":0,"98":0,"99":0,"100":0,"101":0,"102":0,"103":0,"104":0,"105":0,"106":0,"107":0,"108":0,"109":0,"110":0,"111":0,"112":0,"113":0,"114":0,"115":0,"116":0,"117":0,"118":0,"119":0,"120":0,"121":0,"122":0,"123":1,"124":1,"125":1,"126":9,"127":9,"128":18,"129":9,"130":5,"131":4,"132":9,"133":1,"134":1,"135":1,"136":100,"137":100,"138":100,"139":100,"140":100,"141":100,"142":0,"143":0,"144":100,"145":1,"146":100},"f":{"0":1,"1":0,"2":0,"3":6,"4":0,"5":0,"6":1,"7":3,"8":9,"9":9,"10":9,"11":0,"12":18,"13":0,"14":9,"15":9,"16":0,"17":27,"18":18,"19":18,"20":6,"21":1,"22":100,"23":0,"24":1,"25":0,"26":0,"27":0,"28":0,"29":0,"30":0,"31":0,"32":0,"33":0,"34":0,"35":0,"36":0,"37":0,"38":0,"39":0,"40":0,"41":0,"42":0,"43":0,"44":0,"45":0,"46":0,"47":0,"48":1,"49":1,"50":9,"51":9,"52":18,"53":5,"54":4,"55":1,"56":100,"57":1},"b":{"0":[0,1],"1":[6,6],"2":[3,3],"3":[9,9],"4":[9,9],"5":[9,0],"6":[9,9],"7":[0,9],"8":[9,9],"9":[0,18],"10":[45,9],"11":[9,0],"12":[0,36],"13":[36,0,0],"14":[0,0],"15":[0,0],"16":[0,0],"17":[0,0],"18":[18,18,9,0,0,9],"19":[36,0],"20":[9,0],"21":[9,9,9],"22":[9,0],"23":[0,0],"24":[0,0,0,0],"25":[0,0],"26":[0,0],"27":[0,0],"28":[0,0],"29":[0,0],"30":[0,9],"31":[9,0],"32":[3,3],"33":[6,1],"34":[6,3],"35":[1,2],"36":[5,5],"37":[0,100],"38":[100,99],"39":[0,0],"40":[0,0],"41":[0,0],"42":[0,0],"43":[0,0],"44":[0,0],"45":[0,0,0,0],"46":[0,0],"47":[0,0],"48":[0,0],"49":[0,0,0],"50":[0,0],"51":[0,0],"52":[0,0,0],"53":[0,0],"54":[1,0],"55":[1,1],"56":[1,0],"57":[9,9],"58":[4,5],"59":[4,0],"60":[0,4],"61":[0,1],"62":[0,100],"63":[0,0],"64":[100,1]},"_coverageSchema":"1a1c01bbd47fc00a2c39e90264f33305004495a9","hash":"214ddca030fcf762c4407f6d2669daefc4afc41d"}
}
