{"/Users/penglei/Documents/13.前端/tracker/dist/index.cjs.js": {"path":"/Users/penglei/Documents/13.前端/tracker/dist/index.cjs.js","statementMap":{"0":{"start":{"line":1,"column":21},"end":{"line":1,"column":46}},"1":{"start":{"line":1,"column":49},"end":{"line":1,"column":95}},"2":{"start":{"line":1,"column":56},"end":{"line":1,"column":95}},"3":{"start":{"line":1,"column":98},"end":{"line":1,"column":111}},"4":{"start":{"line":1,"column":101},"end":{"line":1,"column":111}},"5":{"start":{"line":1,"column":114},"end":{"line":1,"column":122}},"6":{"start":{"line":1,"column":117},"end":{"line":1,"column":122}},"7":{"start":{"line":1,"column":125},"end":{"line":1,"column":167}},"8":{"start":{"line":1,"column":128},"end":{"line":1,"column":167}},"9":{"start":{"line":1,"column":170},"end":{"line":1,"column":181}},"10":{"start":{"line":1,"column":173},"end":{"line":1,"column":181}},"11":{"start":{"line":1,"column":184},"end":{"line":1,"column":200}},"12":{"start":{"line":1,"column":187},"end":{"line":1,"column":200}},"13":{"start":{"line":1,"column":203},"end":{"line":1,"column":225}},"14":{"start":{"line":1,"column":206},"end":{"line":1,"column":225}},"15":{"start":{"line":1,"column":234},"end":{"line":1,"column":433}},"16":{"start":{"line":1,"column":254},"end":{"line":1,"column":279}},"17":{"start":{"line":1,"column":270},"end":{"line":1,"column":279}},"18":{"start":{"line":1,"column":279},"end":{"line":1,"column":307}},"19":{"start":{"line":1,"column":291},"end":{"line":1,"column":307}},"20":{"start":{"line":1,"column":315},"end":{"line":1,"column":335}},"21":{"start":{"line":1,"column":336},"end":{"line":1,"column":347}},"22":{"start":{"line":1,"column":347},"end":{"line":1,"column":424}},"23":{"start":{"line":1,"column":364},"end":{"line":1,"column":424}},"24":{"start":{"line":1,"column":424},"end":{"line":1,"column":432}},"25":{"start":{"line":1,"column":434},"end":{"line":1,"column":2728}},"26":{"start":{"line":1,"column":475},"end":{"line":1,"column":654}},"27":{"start":{"line":1,"column":505},"end":{"line":1,"column":509}},"28":{"start":{"line":1,"column":510},"end":{"line":1,"column":645}},"29":{"start":{"line":1,"column":543},"end":{"line":1,"column":545}},"30":{"start":{"line":1,"column":546},"end":{"line":1,"column":602}},"31":{"start":{"line":1,"column":571},"end":{"line":1,"column":577}},"32":{"start":{"line":1,"column":608},"end":{"line":1,"column":645}},"33":{"start":{"line":1,"column":627},"end":{"line":1,"column":639}},"34":{"start":{"line":1,"column":645},"end":{"line":1,"column":653}},"35":{"start":{"line":1,"column":715},"end":{"line":1,"column":729}},"36":{"start":{"line":1,"column":753},"end":{"line":1,"column":791}},"37":{"start":{"line":1,"column":810},"end":{"line":1,"column":821}},"38":{"start":{"line":1,"column":843},"end":{"line":1,"column":863}},"39":{"start":{"line":1,"column":899},"end":{"line":1,"column":954}},"40":{"start":{"line":1,"column":974},"end":{"line":1,"column":1144}},"41":{"start":{"line":1,"column":1165},"end":{"line":1,"column":1217}},"42":{"start":{"line":1,"column":1240},"end":{"line":1,"column":1260}},"43":{"start":{"line":1,"column":1281},"end":{"line":1,"column":1401}},"44":{"start":{"line":1,"column":1422},"end":{"line":1,"column":1443}},"45":{"start":{"line":1,"column":1472},"end":{"line":1,"column":1504}},"46":{"start":{"line":1,"column":1548},"end":{"line":1,"column":1558}},"47":{"start":{"line":1,"column":1584},"end":{"line":1,"column":1594}},"48":{"start":{"line":1,"column":1621},"end":{"line":1,"column":1645}},"49":{"start":{"line":1,"column":1666},"end":{"line":1,"column":1684}},"50":{"start":{"line":1,"column":1728},"end":{"line":1,"column":1741}},"51":{"start":{"line":1,"column":1761},"end":{"line":1,"column":1800}},"52":{"start":{"line":1,"column":1822},"end":{"line":1,"column":1836}},"53":{"start":{"line":1,"column":1857},"end":{"line":1,"column":1870}},"54":{"start":{"line":1,"column":1897},"end":{"line":1,"column":1971}},"55":{"start":{"line":1,"column":2046},"end":{"line":1,"column":2087}},"56":{"start":{"line":1,"column":2114},"end":{"line":1,"column":2499}},"57":{"start":{"line":1,"column":2124},"end":{"line":1,"column":2125}},"58":{"start":{"line":1,"column":2126},"end":{"line":1,"column":2498}},"59":{"start":{"line":1,"column":2158},"end":{"line":1,"column":2160}},"60":{"start":{"line":1,"column":2161},"end":{"line":1,"column":2247}},"61":{"start":{"line":1,"column":2176},"end":{"line":1,"column":2247}},"62":{"start":{"line":1,"column":2247},"end":{"line":1,"column":2458}},"63":{"start":{"line":1,"column":2314},"end":{"line":1,"column":2315}},"64":{"start":{"line":1,"column":2316},"end":{"line":1,"column":2457}},"65":{"start":{"line":1,"column":2369},"end":{"line":1,"column":2457}},"66":{"start":{"line":1,"column":2458},"end":{"line":1,"column":2466}},"67":{"start":{"line":1,"column":2543},"end":{"line":1,"column":2556}},"68":{"start":{"line":1,"column":2556},"end":{"line":1,"column":2707}},"69":{"start":{"line":1,"column":2586},"end":{"line":1,"column":2590}},"70":{"start":{"line":1,"column":2591},"end":{"line":1,"column":2698}},"71":{"start":{"line":1,"column":2605},"end":{"line":1,"column":2615}},"72":{"start":{"line":1,"column":2616},"end":{"line":1,"column":2643}},"73":{"start":{"line":1,"column":2649},"end":{"line":1,"column":2698}},"74":{"start":{"line":1,"column":2672},"end":{"line":1,"column":2691}},"75":{"start":{"line":1,"column":2698},"end":{"line":1,"column":2706}}},"fnMap":{"0":{"name":"(anonymous_0)","decl":{"start":{"line":1,"column":49},"end":{"line":1,"column":50}},"loc":{"start":{"line":1,"column":56},"end":{"line":1,"column":95}},"line":1},"1":{"name":"(anonymous_1)","decl":{"start":{"line":1,"column":98},"end":{"line":1,"column":99}},"loc":{"start":{"line":1,"column":101},"end":{"line":1,"column":111}},"line":1},"2":{"name":"(anonymous_2)","decl":{"start":{"line":1,"column":114},"end":{"line":1,"column":115}},"loc":{"start":{"line":1,"column":117},"end":{"line":1,"column":122}},"line":1},"3":{"name":"(anonymous_3)","decl":{"start":{"line":1,"column":125},"end":{"line":1,"column":126}},"loc":{"start":{"line":1,"column":128},"end":{"line":1,"column":167}},"line":1},"4":{"name":"(anonymous_4)","decl":{"start":{"line":1,"column":170},"end":{"line":1,"column":171}},"loc":{"start":{"line":1,"column":173},"end":{"line":1,"column":181}},"line":1},"5":{"name":"(anonymous_5)","decl":{"start":{"line":1,"column":184},"end":{"line":1,"column":185}},"loc":{"start":{"line":1,"column":187},"end":{"line":1,"column":200}},"line":1},"6":{"name":"(anonymous_6)","decl":{"start":{"line":1,"column":203},"end":{"line":1,"column":204}},"loc":{"start":{"line":1,"column":206},"end":{"line":1,"column":225}},"line":1},"7":{"name":"(anonymous_7)","decl":{"start":{"line":1,"column":234},"end":{"line":1,"column":235}},"loc":{"start":{"line":1,"column":253},"end":{"line":1,"column":433}},"line":1},"8":{"name":"(anonymous_8)","decl":{"start":{"line":1,"column":451},"end":{"line":1,"column":452}},"loc":{"start":{"line":1,"column":466},"end":{"line":1,"column":655}},"line":1},"9":{"name":"(anonymous_9)","decl":{"start":{"line":1,"column":482},"end":{"line":1,"column":483}},"loc":{"start":{"line":1,"column":496},"end":{"line":1,"column":654}},"line":1},"10":{"name":"(anonymous_10)","decl":{"start":{"line":1,"column":560},"end":{"line":1,"column":561}},"loc":{"start":{"line":1,"column":570},"end":{"line":1,"column":578}},"line":1},"11":{"name":"(anonymous_11)","decl":{"start":{"line":1,"column":622},"end":{"line":1,"column":623}},"loc":{"start":{"line":1,"column":626},"end":{"line":1,"column":640}},"line":1},"12":{"name":"(anonymous_12)","decl":{"start":{"line":1,"column":712},"end":{"line":1,"column":713}},"loc":{"start":{"line":1,"column":715},"end":{"line":1,"column":729}},"line":1},"13":{"name":"(anonymous_13)","decl":{"start":{"line":1,"column":750},"end":{"line":1,"column":751}},"loc":{"start":{"line":1,"column":753},"end":{"line":1,"column":791}},"line":1},"14":{"name":"(anonymous_14)","decl":{"start":{"line":1,"column":807},"end":{"line":1,"column":808}},"loc":{"start":{"line":1,"column":810},"end":{"line":1,"column":821}},"line":1},"15":{"name":"(anonymous_15)","decl":{"start":{"line":1,"column":840},"end":{"line":1,"column":841}},"loc":{"start":{"line":1,"column":843},"end":{"line":1,"column":863}},"line":1},"16":{"name":"(anonymous_16)","decl":{"start":{"line":1,"column":896},"end":{"line":1,"column":897}},"loc":{"start":{"line":1,"column":899},"end":{"line":1,"column":954}},"line":1},"17":{"name":"(anonymous_17)","decl":{"start":{"line":1,"column":971},"end":{"line":1,"column":972}},"loc":{"start":{"line":1,"column":974},"end":{"line":1,"column":1144}},"line":1},"18":{"name":"(anonymous_18)","decl":{"start":{"line":1,"column":1162},"end":{"line":1,"column":1163}},"loc":{"start":{"line":1,"column":1165},"end":{"line":1,"column":1217}},"line":1},"19":{"name":"(anonymous_19)","decl":{"start":{"line":1,"column":1237},"end":{"line":1,"column":1238}},"loc":{"start":{"line":1,"column":1240},"end":{"line":1,"column":1260}},"line":1},"20":{"name":"(anonymous_20)","decl":{"start":{"line":1,"column":1278},"end":{"line":1,"column":1279}},"loc":{"start":{"line":1,"column":1281},"end":{"line":1,"column":1401}},"line":1},"21":{"name":"(anonymous_21)","decl":{"start":{"line":1,"column":1419},"end":{"line":1,"column":1420}},"loc":{"start":{"line":1,"column":1422},"end":{"line":1,"column":1443}},"line":1},"22":{"name":"(anonymous_22)","decl":{"start":{"line":1,"column":1469},"end":{"line":1,"column":1470}},"loc":{"start":{"line":1,"column":1472},"end":{"line":1,"column":1504}},"line":1},"23":{"name":"(anonymous_23)","decl":{"start":{"line":1,"column":1545},"end":{"line":1,"column":1546}},"loc":{"start":{"line":1,"column":1548},"end":{"line":1,"column":1558}},"line":1},"24":{"name":"(anonymous_24)","decl":{"start":{"line":1,"column":1581},"end":{"line":1,"column":1582}},"loc":{"start":{"line":1,"column":1584},"end":{"line":1,"column":1594}},"line":1},"25":{"name":"(anonymous_25)","decl":{"start":{"line":1,"column":1618},"end":{"line":1,"column":1619}},"loc":{"start":{"line":1,"column":1621},"end":{"line":1,"column":1645}},"line":1},"26":{"name":"(anonymous_26)","decl":{"start":{"line":1,"column":1663},"end":{"line":1,"column":1664}},"loc":{"start":{"line":1,"column":1666},"end":{"line":1,"column":1684}},"line":1},"27":{"name":"(anonymous_27)","decl":{"start":{"line":1,"column":1725},"end":{"line":1,"column":1726}},"loc":{"start":{"line":1,"column":1728},"end":{"line":1,"column":1741}},"line":1},"28":{"name":"(anonymous_28)","decl":{"start":{"line":1,"column":1758},"end":{"line":1,"column":1759}},"loc":{"start":{"line":1,"column":1761},"end":{"line":1,"column":1800}},"line":1},"29":{"name":"(anonymous_29)","decl":{"start":{"line":1,"column":1819},"end":{"line":1,"column":1820}},"loc":{"start":{"line":1,"column":1822},"end":{"line":1,"column":1836}},"line":1},"30":{"name":"(anonymous_30)","decl":{"start":{"line":1,"column":1854},"end":{"line":1,"column":1855}},"loc":{"start":{"line":1,"column":1857},"end":{"line":1,"column":1870}},"line":1},"31":{"name":"(anonymous_31)","decl":{"start":{"line":1,"column":1894},"end":{"line":1,"column":1895}},"loc":{"start":{"line":1,"column":1897},"end":{"line":1,"column":1971}},"line":1},"32":{"name":"(anonymous_32)","decl":{"start":{"line":1,"column":2043},"end":{"line":1,"column":2044}},"loc":{"start":{"line":1,"column":2046},"end":{"line":1,"column":2087}},"line":1},"33":{"name":"(anonymous_33)","decl":{"start":{"line":1,"column":2111},"end":{"line":1,"column":2112}},"loc":{"start":{"line":1,"column":2114},"end":{"line":1,"column":2499}},"line":1},"34":{"name":"(anonymous_34)","decl":{"start":{"line":1,"column":2114},"end":{"line":1,"column":2115}},"loc":{"start":{"line":1,"column":2117},"end":{"line":1,"column":2499}},"line":1},"35":{"name":"(anonymous_35)","decl":{"start":{"line":1,"column":2138},"end":{"line":1,"column":2139}},"loc":{"start":{"line":1,"column":2151},"end":{"line":1,"column":2467}},"line":1},"36":{"name":"(anonymous_36)","decl":{"start":{"line":1,"column":2517},"end":{"line":1,"column":2518}},"loc":{"start":{"line":1,"column":2532},"end":{"line":1,"column":2708}},"line":1},"37":{"name":"(anonymous_37)","decl":{"start":{"line":1,"column":2563},"end":{"line":1,"column":2564}},"loc":{"start":{"line":1,"column":2577},"end":{"line":1,"column":2707}},"line":1},"38":{"name":"(anonymous_38)","decl":{"start":{"line":1,"column":2667},"end":{"line":1,"column":2668}},"loc":{"start":{"line":1,"column":2671},"end":{"line":1,"column":2692}},"line":1}},"branchMap":{"0":{"loc":{"start":{"line":1,"column":56},"end":{"line":1,"column":95}},"type":"cond-expr","locations":[{"start":{"line":1,"column":58},"end":{"line":1,"column":85}},{"start":{"line":1,"column":86},"end":{"line":1,"column":95}}],"line":1},"1":{"loc":{"start":{"line":1,"column":128},"end":{"line":1,"column":167}},"type":"binary-expr","locations":[{"start":{"line":1,"column":128},"end":{"line":1,"column":136}},{"start":{"line":1,"column":138},"end":{"line":1,"column":167}}],"line":1},"2":{"loc":{"start":{"line":1,"column":206},"end":{"line":1,"column":225}},"type":"binary-expr","locations":[{"start":{"line":1,"column":206},"end":{"line":1,"column":207}},{"start":{"line":1,"column":209},"end":{"line":1,"column":225}}],"line":1},"3":{"loc":{"start":{"line":1,"column":237},"end":{"line":1,"column":250}},"type":"default-arg","locations":[{"start":{"line":1,"column":239},"end":{"line":1,"column":250}}],"line":1},"4":{"loc":{"start":{"line":1,"column":254},"end":{"line":1,"column":279}},"type":"if","locations":[{"start":{"line":1,"column":254},"end":{"line":1,"column":279}},{"start":{},"end":{}}],"line":1},"5":{"loc":{"start":{"line":1,"column":257},"end":{"line":1,"column":269}},"type":"binary-expr","locations":[{"start":{"line":1,"column":257},"end":{"line":1,"column":262}},{"start":{"line":1,"column":264},"end":{"line":1,"column":269}}],"line":1},"6":{"loc":{"start":{"line":1,"column":279},"end":{"line":1,"column":307}},"type":"if","locations":[{"start":{"line":1,"column":279},"end":{"line":1,"column":307}},{"start":{},"end":{}}],"line":1},"7":{"loc":{"start":{"line":1,"column":364},"end":{"line":1,"column":423}},"type":"binary-expr","locations":[{"start":{"line":1,"column":364},"end":{"line":1,"column":405}},{"start":{"line":1,"column":408},"end":{"line":1,"column":422}}],"line":1},"8":{"loc":{"start":{"line":1,"column":510},"end":{"line":1,"column":645}},"type":"if","locations":[{"start":{"line":1,"column":510},"end":{"line":1,"column":645}},{"start":{"line":1,"column":608},"end":{"line":1,"column":645}}],"line":1},"9":{"loc":{"start":{"line":1,"column":513},"end":{"line":1,"column":531}},"type":"binary-expr","locations":[{"start":{"line":1,"column":513},"end":{"line":1,"column":514}},{"start":{"line":1,"column":516},"end":{"line":1,"column":531}}],"line":1},"10":{"loc":{"start":{"line":1,"column":583},"end":{"line":1,"column":602}},"type":"binary-expr","locations":[{"start":{"line":1,"column":583},"end":{"line":1,"column":584}},{"start":{"line":1,"column":587},"end":{"line":1,"column":601}}],"line":1},"11":{"loc":{"start":{"line":1,"column":974},"end":{"line":1,"column":1144}},"type":"cond-expr","locations":[{"start":{"line":1,"column":985},"end":{"line":1,"column":997}},{"start":{"line":1,"column":998},"end":{"line":1,"column":1144}}],"line":1},"12":{"loc":{"start":{"line":1,"column":974},"end":{"line":1,"column":984}},"type":"binary-expr","locations":[{"start":{"line":1,"column":974},"end":{"line":1,"column":978}},{"start":{"line":1,"column":980},"end":{"line":1,"column":984}}],"line":1},"13":{"loc":{"start":{"line":1,"column":998},"end":{"line":1,"column":1144}},"type":"cond-expr","locations":[{"start":{"line":1,"column":1033},"end":{"line":1,"column":1043}},{"start":{"line":1,"column":1044},"end":{"line":1,"column":1144}}],"line":1},"14":{"loc":{"start":{"line":1,"column":998},"end":{"line":1,"column":1032}},"type":"binary-expr","locations":[{"start":{"line":1,"column":998},"end":{"line":1,"column":1014}},{"start":{"line":1,"column":1016},"end":{"line":1,"column":1032}}],"line":1},"15":{"loc":{"start":{"line":1,"column":1044},"end":{"line":1,"column":1144}},"type":"cond-expr","locations":[{"start":{"line":1,"column":1049},"end":{"line":1,"column":1074}},{"start":{"line":1,"column":1075},"end":{"line":1,"column":1144}}],"line":1},"16":{"loc":{"start":{"line":1,"column":1075},"end":{"line":1,"column":1144}},"type":"binary-expr","locations":[{"start":{"line":1,"column":1075},"end":{"line":1,"column":1082}},{"start":{"line":1,"column":1084},"end":{"line":1,"column":1090}},{"start":{"line":1,"column":1092},"end":{"line":1,"column":1105}},{"start":{"line":1,"column":1107},"end":{"line":1,"column":1144}}],"line":1},"17":{"loc":{"start":{"line":1,"column":1548},"end":{"line":1,"column":1558}},"type":"binary-expr","locations":[{"start":{"line":1,"column":1548},"end":{"line":1,"column":1552}},{"start":{"line":1,"column":1554},"end":{"line":1,"column":1558}}],"line":1},"18":{"loc":{"start":{"line":1,"column":1584},"end":{"line":1,"column":1594}},"type":"binary-expr","locations":[{"start":{"line":1,"column":1584},"end":{"line":1,"column":1588}},{"start":{"line":1,"column":1590},"end":{"line":1,"column":1594}}],"line":1},"19":{"loc":{"start":{"line":1,"column":2046},"end":{"line":1,"column":2087}},"type":"binary-expr","locations":[{"start":{"line":1,"column":2046},"end":{"line":1,"column":2072}},{"start":{"line":1,"column":2074},"end":{"line":1,"column":2087}}],"line":1},"20":{"loc":{"start":{"line":1,"column":2176},"end":{"line":1,"column":2246}},"type":"binary-expr","locations":[{"start":{"line":1,"column":2176},"end":{"line":1,"column":2217}},{"start":{"line":1,"column":2219},"end":{"line":1,"column":2233}},{"start":{"line":1,"column":2236},"end":{"line":1,"column":2245}}],"line":1},"21":{"loc":{"start":{"line":1,"column":2247},"end":{"line":1,"column":2458}},"type":"if","locations":[{"start":{"line":1,"column":2247},"end":{"line":1,"column":2458}},{"start":{},"end":{}}],"line":1},"22":{"loc":{"start":{"line":1,"column":2250},"end":{"line":1,"column":2306}},"type":"binary-expr","locations":[{"start":{"line":1,"column":2250},"end":{"line":1,"column":2257}},{"start":{"line":1,"column":2259},"end":{"line":1,"column":2306}}],"line":1},"23":{"loc":{"start":{"line":1,"column":2369},"end":{"line":1,"column":2457}},"type":"binary-expr","locations":[{"start":{"line":1,"column":2369},"end":{"line":1,"column":2386}},{"start":{"line":1,"column":2388},"end":{"line":1,"column":2438}},{"start":{"line":1,"column":2441},"end":{"line":1,"column":2456}}],"line":1},"24":{"loc":{"start":{"line":1,"column":2471},"end":{"line":1,"column":2496}},"type":"cond-expr","locations":[{"start":{"line":1,"column":2490},"end":{"line":1,"column":2491}},{"start":{"line":1,"column":2492},"end":{"line":1,"column":2496}}],"line":1},"25":{"loc":{"start":{"line":1,"column":2543},"end":{"line":1,"column":2555}},"type":"cond-expr","locations":[{"start":{"line":1,"column":2545},"end":{"line":1,"column":2548}},{"start":{"line":1,"column":2549},"end":{"line":1,"column":2555}}],"line":1},"26":{"loc":{"start":{"line":1,"column":2591},"end":{"line":1,"column":2698}},"type":"if","locations":[{"start":{"line":1,"column":2591},"end":{"line":1,"column":2698}},{"start":{"line":1,"column":2649},"end":{"line":1,"column":2698}}],"line":1},"27":{"loc":{"start":{"line":1,"column":2616},"end":{"line":1,"column":2643}},"type":"binary-expr","locations":[{"start":{"line":1,"column":2616},"end":{"line":1,"column":2621}},{"start":{"line":1,"column":2624},"end":{"line":1,"column":2642}}],"line":1},"28":{"loc":{"start":{"line":1,"column":2649},"end":{"line":1,"column":2697}},"type":"binary-expr","locations":[{"start":{"line":1,"column":2649},"end":{"line":1,"column":2650}},{"start":{"line":1,"column":2653},"end":{"line":1,"column":2696}}],"line":1}},"s":{"0":2,"1":2,"2":1,"3":2,"4":0,"5":2,"6":0,"7":2,"8":6,"9":2,"10":0,"11":2,"12":0,"13":2,"14":3,"15":2,"16":6,"17":3,"18":3,"19":1,"20":2,"21":2,"22":2,"23":5,"24":2,"25":2,"26":1,"27":100,"28":100,"29":0,"30":0,"31":0,"32":100,"33":1,"34":100,"35":0,"36":0,"37":0,"38":0,"39":0,"40":0,"41":0,"42":0,"43":0,"44":0,"45":0,"46":0,"47":0,"48":0,"49":0,"50":0,"51":0,"52":0,"53":0,"54":0,"55":0,"56":0,"57":0,"58":0,"59":0,"60":0,"61":0,"62":0,"63":0,"64":0,"65":0,"66":0,"67":1,"68":1,"69":100,"70":100,"71":0,"72":0,"73":100,"74":1,"75":100},"f":{"0":1,"1":0,"2":0,"3":6,"4":0,"5":0,"6":3,"7":6,"8":1,"9":100,"10":0,"11":1,"12":0,"13":0,"14":0,"15":0,"16":0,"17":0,"18":0,"19":0,"20":0,"21":0,"22":0,"23":0,"24":0,"25":0,"26":0,"27":0,"28":0,"29":0,"30":0,"31":0,"32":0,"33":0,"34":0,"35":0,"36":1,"37":100,"38":1},"b":{"0":[0,1],"1":[6,6],"2":[3,3],"3":[1],"4":[3,3],"5":[6,3],"6":[1,2],"7":[5,5],"8":[0,100],"9":[100,99],"10":[0,0],"11":[0,0],"12":[0,0],"13":[0,0],"14":[0,0],"15":[0,0],"16":[0,0,0,0],"17":[0,0],"18":[0,0],"19":[0,0],"20":[0,0,0],"21":[0,0],"22":[0,0],"23":[0,0,0],"24":[0,0],"25":[0,1],"26":[0,100],"27":[0,0],"28":[100,1]},"_coverageSchema":"1a1c01bbd47fc00a2c39e90264f33305004495a9","hash":"512ad405175a752bcdc903c96892af82c73838d4"}
}
