TN:
SF:dist/index.cjs.js
FN:1,(anonymous_0)
FN:1,(anonymous_1)
FN:1,(anonymous_2)
FN:1,(anonymous_3)
FN:1,(anonymous_4)
FN:1,(anonymous_5)
FN:1,(anonymous_6)
FN:1,(anonymous_7)
FN:1,a
FN:1,(anonymous_9)
FN:1,u
FN:1,s
FN:1,c
FN:1,(anonymous_13)
FN:1,l
FN:1,(anonymous_15)
FN:1,(anonymous_16)
FN:1,s
FN:1,(anonymous_18)
FN:1,(anonymous_19)
FN:1,(anonymous_20)
FN:1,(anonymous_21)
FN:1,(anonymous_22)
FN:1,(anonymous_23)
FN:1,(anonymous_24)
FN:1,(anonymous_25)
FN:1,(anonymous_26)
FN:1,(anonymous_27)
FN:1,(anonymous_28)
FN:1,(anonymous_29)
FN:1,(anonymous_30)
FN:1,(anonymous_31)
FN:1,(anonymous_32)
FN:1,(anonymous_33)
FN:1,(anonymous_34)
FN:1,(anonymous_35)
FN:1,(anonymous_36)
FN:1,(anonymous_37)
FN:1,(anonymous_38)
FN:1,(anonymous_39)
FN:1,(anonymous_40)
FN:1,(anonymous_41)
FN:1,(anonymous_42)
FN:1,(anonymous_43)
FN:1,(anonymous_44)
FN:1,(anonymous_45)
FN:1,(anonymous_46)
FN:1,(anonymous_47)
FN:1,(anonymous_48)
FN:1,(anonymous_49)
FN:1,(anonymous_50)
FN:1,(anonymous_51)
FN:1,(anonymous_52)
FN:1,(anonymous_53)
FN:1,(anonymous_54)
FN:1,(anonymous_55)
FN:1,(anonymous_56)
FN:1,(anonymous_57)
FNF:58
FNH:27
FNDA:1,(anonymous_0)
FNDA:0,(anonymous_1)
FNDA:0,(anonymous_2)
FNDA:6,(anonymous_3)
FNDA:0,(anonymous_4)
FNDA:0,(anonymous_5)
FNDA:1,(anonymous_6)
FNDA:3,(anonymous_7)
FNDA:9,a
FNDA:9,(anonymous_9)
FNDA:9,u
FNDA:0,s
FNDA:18,c
FNDA:0,(anonymous_13)
FNDA:9,l
FNDA:9,(anonymous_15)
FNDA:0,(anonymous_16)
FNDA:27,s
FNDA:18,(anonymous_18)
FNDA:18,(anonymous_19)
FNDA:6,(anonymous_20)
FNDA:1,(anonymous_21)
FNDA:100,(anonymous_22)
FNDA:0,(anonymous_23)
FNDA:1,(anonymous_24)
FNDA:0,(anonymous_25)
FNDA:0,(anonymous_26)
FNDA:0,(anonymous_27)
FNDA:0,(anonymous_28)
FNDA:0,(anonymous_29)
FNDA:0,(anonymous_30)
FNDA:0,(anonymous_31)
FNDA:0,(anonymous_32)
FNDA:0,(anonymous_33)
FNDA:0,(anonymous_34)
FNDA:0,(anonymous_35)
FNDA:0,(anonymous_36)
FNDA:0,(anonymous_37)
FNDA:0,(anonymous_38)
FNDA:0,(anonymous_39)
FNDA:0,(anonymous_40)
FNDA:0,(anonymous_41)
FNDA:0,(anonymous_42)
FNDA:0,(anonymous_43)
FNDA:0,(anonymous_44)
FNDA:0,(anonymous_45)
FNDA:0,(anonymous_46)
FNDA:0,(anonymous_47)
FNDA:1,(anonymous_48)
FNDA:1,(anonymous_49)
FNDA:9,(anonymous_50)
FNDA:9,(anonymous_51)
FNDA:18,(anonymous_52)
FNDA:5,(anonymous_53)
FNDA:4,(anonymous_54)
FNDA:1,(anonymous_55)
FNDA:100,(anonymous_56)
FNDA:1,(anonymous_57)
DA:1,100
LF:1
LH:1
BRDA:1,0,0,0
BRDA:1,0,1,1
BRDA:1,1,0,6
BRDA:1,1,1,6
BRDA:1,2,0,3
BRDA:1,2,1,3
BRDA:1,3,0,9
BRDA:1,3,1,9
BRDA:1,4,0,9
BRDA:1,4,1,9
BRDA:1,5,0,9
BRDA:1,5,1,0
BRDA:1,6,0,9
BRDA:1,6,1,9
BRDA:1,7,0,0
BRDA:1,7,1,9
BRDA:1,8,0,9
BRDA:1,8,1,9
BRDA:1,9,0,0
BRDA:1,9,1,18
BRDA:1,10,0,45
BRDA:1,10,1,9
BRDA:1,11,0,9
BRDA:1,11,1,0
BRDA:1,12,0,0
BRDA:1,12,1,36
BRDA:1,13,0,36
BRDA:1,13,1,0
BRDA:1,13,2,0
BRDA:1,14,0,0
BRDA:1,14,1,0
BRDA:1,15,0,0
BRDA:1,15,1,0
BRDA:1,16,0,0
BRDA:1,16,1,0
BRDA:1,17,0,0
BRDA:1,17,1,0
BRDA:1,18,0,18
BRDA:1,18,1,18
BRDA:1,18,2,9
BRDA:1,18,3,0
BRDA:1,18,4,0
BRDA:1,18,5,9
BRDA:1,19,0,36
BRDA:1,19,1,0
BRDA:1,20,0,9
BRDA:1,20,1,0
BRDA:1,21,0,9
BRDA:1,21,1,9
BRDA:1,21,2,9
BRDA:1,22,0,9
BRDA:1,22,1,0
BRDA:1,23,0,0
BRDA:1,23,1,0
BRDA:1,24,0,0
BRDA:1,24,1,0
BRDA:1,24,2,0
BRDA:1,24,3,0
BRDA:1,25,0,0
BRDA:1,25,1,0
BRDA:1,26,0,0
BRDA:1,26,1,0
BRDA:1,27,0,0
BRDA:1,27,1,0
BRDA:1,28,0,0
BRDA:1,28,1,0
BRDA:1,29,0,0
BRDA:1,29,1,0
BRDA:1,30,0,0
BRDA:1,30,1,9
BRDA:1,31,0,9
BRDA:1,31,1,0
BRDA:1,32,0,3
BRDA:1,32,1,3
BRDA:1,33,0,6
BRDA:1,33,1,1
BRDA:1,34,0,6
BRDA:1,34,1,3
BRDA:1,35,0,1
BRDA:1,35,1,2
BRDA:1,36,0,5
BRDA:1,36,1,5
BRDA:1,37,0,0
BRDA:1,37,1,100
BRDA:1,38,0,100
BRDA:1,38,1,99
BRDA:1,39,0,0
BRDA:1,39,1,0
BRDA:1,40,0,0
BRDA:1,40,1,0
BRDA:1,41,0,0
BRDA:1,41,1,0
BRDA:1,42,0,0
BRDA:1,42,1,0
BRDA:1,43,0,0
BRDA:1,43,1,0
BRDA:1,44,0,0
BRDA:1,44,1,0
BRDA:1,45,0,0
BRDA:1,45,1,0
BRDA:1,45,2,0
BRDA:1,45,3,0
BRDA:1,46,0,0
BRDA:1,46,1,0
BRDA:1,47,0,0
BRDA:1,47,1,0
BRDA:1,48,0,0
BRDA:1,48,1,0
BRDA:1,49,0,0
BRDA:1,49,1,0
BRDA:1,49,2,0
BRDA:1,50,0,0
BRDA:1,50,1,0
BRDA:1,51,0,0
BRDA:1,51,1,0
BRDA:1,52,0,0
BRDA:1,52,1,0
BRDA:1,52,2,0
BRDA:1,53,0,0
BRDA:1,53,1,0
BRDA:1,54,0,1
BRDA:1,54,1,0
BRDA:1,55,0,1
BRDA:1,55,1,1
BRDA:1,56,0,1
BRDA:1,56,1,0
BRDA:1,57,0,9
BRDA:1,57,1,9
BRDA:1,58,0,4
BRDA:1,58,1,5
BRDA:1,59,0,4
BRDA:1,59,1,0
BRDA:1,60,0,0
BRDA:1,60,1,4
BRDA:1,61,0,0
BRDA:1,61,1,1
BRDA:1,62,0,0
BRDA:1,62,1,100
BRDA:1,63,0,0
BRDA:1,63,1,0
BRDA:1,64,0,100
BRDA:1,64,1,1
BRF:142
BRH:60
end_of_record
